<?xml version="1.0" encoding="UTF-8"?>
<!-- Generated by org.testng.reporters.JUnitXMLReporter -->
<testsuite ignored="0" hostname="PriyankasLaptop" failures="4" tests="4" name="Test" time="3.384" errors="0" timestamp="2024-05-26T16:56:27 PDT">
  <testcase classname="api.test.UserTests" name="testPostUser" time="1.28">
    <failure type="java.lang.AssertionError" message="expected:&amp;lt;500&amp;gt; but was:&amp;lt;200&amp;gt;">
      <![CDATA[java.lang.AssertionError: expected:<500> but was:<200>
at api.test.UserTests.testPostUser(UserTests.java:40)
at java.base/java.util.ArrayList.forEach(ArrayList.java:1596)
... Removed 30 stack frames]]>
    </failure>
  </testcase> <!-- testPostUser -->
  <testcase classname="api.test.UserTests" name="testGetUserByName" time="0.807">
    <failure type="java.lang.AssertionError" message="expected:&amp;lt;500&amp;gt; but was:&amp;lt;200&amp;gt;">
      <![CDATA[java.lang.AssertionError: expected:<500> but was:<200>
at api.test.UserTests.testGetUserByName(UserTests.java:47)
at java.base/java.util.ArrayList.forEach(ArrayList.java:1596)
... Removed 30 stack frames]]>
    </failure>
  </testcase> <!-- testGetUserByName -->
  <testcase classname="api.test.UserTests" name="updateUserByName" time="0.678">
    <failure type="java.lang.AssertionError" message="expected:&amp;lt;500&amp;gt; but was:&amp;lt;200&amp;gt;">
      <![CDATA[java.lang.AssertionError: expected:<500> but was:<200>
at api.test.UserTests.updateUserByName(UserTests.java:58)
at java.base/java.util.ArrayList.forEach(ArrayList.java:1596)
... Removed 30 stack frames]]>
    </failure>
  </testcase> <!-- updateUserByName -->
  <testcase classname="api.test.UserTests" name="testDeleteUserByName" time="0.515">
    <failure type="java.lang.AssertionError" message="expected:&amp;lt;500&amp;gt; but was:&amp;lt;200&amp;gt;">
      <![CDATA[java.lang.AssertionError: expected:<500> but was:<200>
at api.test.UserTests.testDeleteUserByName(UserTests.java:69)
at java.base/java.util.ArrayList.forEach(ArrayList.java:1596)
... Removed 30 stack frames]]>
    </failure>
  </testcase> <!-- testDeleteUserByName -->
</testsuite> <!-- Test -->
